0 info it worked if it ends with ok
1 verbose cli [ '/usr/local/Cellar/node/7.1.0/bin/node',
1 verbose cli   '/Users/mike/.npm-packages/lib/node_modules/npm/bin/npm-cli.js',
1 verbose cli   'run-script',
1 verbose cli   'autodeploy' ]
2 info using npm@3.10.9
3 info using node@v7.1.0
4 verbose run-script [ 'preautodeploy', 'autodeploy', 'postautodeploy' ]
5 info lifecycle flynndev@1.0.0~preautodeploy: flynndev@1.0.0
6 silly lifecycle flynndev@1.0.0~preautodeploy: no script for preautodeploy, continuing
7 info lifecycle flynndev@1.0.0~autodeploy: flynndev@1.0.0
8 verbose lifecycle flynndev@1.0.0~autodeploy: unsafe-perm in lifecycle true
9 verbose lifecycle flynndev@1.0.0~autodeploy: PATH: /Users/mike/.npm-packages/lib/node_modules/npm/bin/node-gyp-bin:/Users/mike/Websites/flynndev/node_modules/.bin:/usr/local/Cellar/node/7.1.0/bin:/Users/mike/.npm-packages/bin:/usr/local/bin:/usr/bin:/bin:/usr/sbin:/sbin:/Applications/Server.app/Contents/ServerRoot/usr/bin:/Applications/Server.app/Contents/ServerRoot/usr/sbin
10 verbose lifecycle flynndev@1.0.0~autodeploy: CWD: /Users/mike/Websites/flynndev
11 silly lifecycle flynndev@1.0.0~autodeploy: Args: [ '-c',
11 silly lifecycle   'npm run build && git add . && git commit -m \'Auto Deployment\' && git push live master' ]
12 silly lifecycle flynndev@1.0.0~autodeploy: Returned: code: 128  signal: null
13 info lifecycle flynndev@1.0.0~autodeploy: Failed to exec autodeploy script
14 verbose stack Error: flynndev@1.0.0 autodeploy: `npm run build && git add . && git commit -m 'Auto Deployment' && git push live master`
14 verbose stack Exit status 128
14 verbose stack     at EventEmitter.<anonymous> (/Users/mike/.npm-packages/lib/node_modules/npm/lib/utils/lifecycle.js:255:16)
14 verbose stack     at emitTwo (events.js:106:13)
14 verbose stack     at EventEmitter.emit (events.js:191:7)
14 verbose stack     at ChildProcess.<anonymous> (/Users/mike/.npm-packages/lib/node_modules/npm/lib/utils/spawn.js:40:14)
14 verbose stack     at emitTwo (events.js:106:13)
14 verbose stack     at ChildProcess.emit (events.js:191:7)
14 verbose stack     at maybeClose (internal/child_process.js:885:16)
14 verbose stack     at Process.ChildProcess._handle.onexit (internal/child_process.js:226:5)
15 verbose pkgid flynndev@1.0.0
16 verbose cwd /Users/mike/Websites/flynndev
17 error Darwin 16.1.0
18 error argv "/usr/local/Cellar/node/7.1.0/bin/node" "/Users/mike/.npm-packages/lib/node_modules/npm/bin/npm-cli.js" "run-script" "autodeploy"
19 error node v7.1.0
20 error npm  v3.10.9
21 error code ELIFECYCLE
22 error flynndev@1.0.0 autodeploy: `npm run build && git add . && git commit -m 'Auto Deployment' && git push live master`
22 error Exit status 128
23 error Failed at the flynndev@1.0.0 autodeploy script 'npm run build && git add . && git commit -m 'Auto Deployment' && git push live master'.
23 error Make sure you have the latest version of node.js and npm installed.
23 error If you do, this is most likely a problem with the flynndev package,
23 error not with npm itself.
23 error Tell the author that this fails on your system:
23 error     npm run build && git add . && git commit -m 'Auto Deployment' && git push live master
23 error You can get information on how to open an issue for this project with:
23 error     npm bugs flynndev
23 error Or if that isn't available, you can get their info via:
23 error     npm owner ls flynndev
23 error There is likely additional logging output above.
24 verbose exit [ 1, true ]
